<!DOCTYPE suite SYSTEM "http://testng.org/testng-1.0.dtd">
<suite name="All">
    <listeners>
        <listener class-name="com.epam.reportportal.testng.ReportPortalTestNGListener"/>
    </listeners>
    <test name="All">
        <packages>
            <package name="com.epam.tat.module6.tests"/>
        </packages>
    </test>
</suite>